This is pdfTeX, Version 3.14159265-2.6-1.40.16 (TeX Live 2015/Debian) (preloaded format=pdflatex 2016.5.1)  16 JAN 2017 10:38
entering extended mode
 restricted \write18 enabled.
 %&-line parsing enabled.
**llncsdoc.sty
(./llncsdoc.sty
LaTeX2e <2016/02/01>
Babel <3.9q> and hyphenation patterns for 81 language(s) loaded.

! LaTeX Error: Missing \begin{document}.

See the LaTeX manual or LaTeX Companion for explanation.
Type  H <return>  for immediate help.
 ...                                              
                                                  
l.15 \ps@myheadings
                   
? 
! Interruption.
\GenericError  ...                                
                                                  \endgroup 
l.15 \ps@myheadings
                   
? 
Missing character: There is no k in font nullfont!
Missing character: There is no b in font nullfont!
Missing character: There is no o in font nullfont!
Missing character: There is no t in font nullfont!
Missing character: There is no h in font nullfont!
Missing character: There is no m in font nullfont!
Missing character: There is no g in font nullfont!
Missing character: There is no o in font nullfont!
Missing character: There is no b in font nullfont!
Missing character: There is no b in font nullfont!
Missing character: There is no l in font nullfont!
Missing character: There is no e in font nullfont!
Missing character: There is no t in font nullfont!
Missing character: There is no w in font nullfont!
Missing character: There is no o in font nullfont!

! LaTeX Error: \labelitemi undefined.

See the LaTeX manual or LaTeX Companion for explanation.
Type  H <return>  for immediate help.
 ...                                              
                                                  
l.19 \renewcommand{\labelitemi}
                               {--}
? 

Overfull \hbox (20.0pt too wide) in paragraph at lines 15--43
[]
 []

! Interruption.
l.3933809 
          
? 
! Interruption.
l.5104636 
          
? 
! Interruption.
l.6259964 
          
? 
! Interruption.
l.6798513 
          
? 
! Interruption.
l.7280749 
          
? 
! Interruption.
l.7834952 
          
? 
! Interruption.
l.8420630 
          
? 
! Interruption.
l.9795897 
          
? 
! Interruption.
l.11298655 
           
? 
! Interruption.
l.22022244 
           
? ^^A
Type <return> to proceed, S to scroll future error messages,
R to run without stopping, Q to run quietly,
I to insert something, E to edit your file,
H for help, X to quit.
? 
! Interruption.
l.46914386 
           
? X
 
Here is how much of TeX's memory you used:
 19 strings out of 493029
 244 string characters out of 6136235
 53275 words of memory out of 5000000
 3654 multiletter control sequences out of 15000+600000
 3640 words of font info for 14 fonts, out of 8000000 for 9000
 1141 hyphenation exceptions out of 8191
 8i,0n,10p,80b,14s stack positions out of 5000i,500n,10000p,200000b,80000s
No pages of output.
PDF statistics:
 0 PDF objects out of 1000 (max. 8388607)
 0 named destinations out of 1000 (max. 500000)
 1 words of extra memory for PDF output out of 10000 (max. 10000000)

